<?xml version="1.0" encoding="UTF-8"?>
<testng-results skipped="0" failed="0" total="3" passed="3">
  <reporter-output>
  </reporter-output>
  <suite name="Default suite" duration-ms="34" started-at="2019-11-27T19:12:46Z" finished-at="2019-11-27T19:12:46Z">
    <groups>
    </groups>
    <test name="Default test" duration-ms="34" started-at="2019-11-27T19:12:46Z" finished-at="2019-11-27T19:12:46Z">
      <class name="com.testng.TestNgBasics">
        <test-method status="PASS" signature="Test1()[pri:1, instance:com.testng.TestNgBasics@1b604f19]" name="Test1" duration-ms="10" started-at="2019-11-27T11:12:46Z" finished-at="2019-11-27T11:12:46Z">
          <reporter-output>
          </reporter-output>
        </test-method> <!-- Test1 -->
        <test-method status="PASS" signature="Test2()[pri:2, instance:com.testng.TestNgBasics@1b604f19]" name="Test2" duration-ms="1" started-at="2019-11-27T11:12:46Z" finished-at="2019-11-27T11:12:46Z">
          <reporter-output>
          </reporter-output>
        </test-method> <!-- Test2 -->
        <test-method status="PASS" signature="Test3()[pri:3, instance:com.testng.TestNgBasics@1b604f19]" name="Test3" duration-ms="1" started-at="2019-11-27T11:12:46Z" finished-at="2019-11-27T11:12:46Z">
          <reporter-output>
          </reporter-output>
        </test-method> <!-- Test3 -->
      </class> <!-- com.testng.TestNgBasics -->
    </test> <!-- Default test -->
  </suite> <!-- Default suite -->
</testng-results>
